<?xml version="1.0" encoding="UTF-8"?>
<testsuite xmlns:xsi="http://www.w3.org/2001/XMLSchema-instance" xsi:noNamespaceSchemaLocation="https://maven.apache.org/surefire/maven-surefire-plugin/xsd/surefire-test-report-3.0.xsd" version="3.0" name="com.capstone.cartApplication.CartApplicationTests" time="5.667" tests="1" errors="0" skipped="0" failures="0">
  <properties>
    <property name="java.specification.version" value="17"/>
    <property name="sun.jnu.encoding" value="UTF-8"/>
    <property name="java.class.path" value="/Users/k0g05jq/Documents/Team4_CartApplication_backend/target/test-classes:/Users/k0g05jq/Documents/Team4_CartApplication_backend/target/classes:/Users/k0g05jq/.m2/repository/org/springframework/boot/spring-boot-starter-actuator/3.1.4/spring-boot-starter-actuator-3.1.4.jar:/Users/k0g05jq/.m2/repository/org/springframework/boot/spring-boot-starter/3.1.4/spring-boot-starter-3.1.4.jar:/Users/k0g05jq/.m2/repository/org/springframework/boot/spring-boot-starter-logging/3.1.4/spring-boot-starter-logging-3.1.4.jar:/Users/k0g05jq/.m2/repository/ch/qos/logback/logback-classic/1.4.11/logback-classic-1.4.11.jar:/Users/k0g05jq/.m2/repository/ch/qos/logback/logback-core/1.4.11/logback-core-1.4.11.jar:/Users/k0g05jq/.m2/repository/org/apache/logging/log4j/log4j-to-slf4j/2.20.0/log4j-to-slf4j-2.20.0.jar:/Users/k0g05jq/.m2/repository/org/apache/logging/log4j/log4j-api/2.20.0/log4j-api-2.20.0.jar:/Users/k0g05jq/.m2/repository/org/slf4j/jul-to-slf4j/2.0.9/jul-to-slf4j-2.0.9.jar:/Users/k0g05jq/.m2/repository/jakarta/annotation/jakarta.annotation-api/2.1.1/jakarta.annotation-api-2.1.1.jar:/Users/k0g05jq/.m2/repository/org/yaml/snakeyaml/1.33/snakeyaml-1.33.jar:/Users/k0g05jq/.m2/repository/org/springframework/boot/spring-boot-actuator-autoconfigure/3.1.4/spring-boot-actuator-autoconfigure-3.1.4.jar:/Users/k0g05jq/.m2/repository/org/springframework/boot/spring-boot-actuator/3.1.4/spring-boot-actuator-3.1.4.jar:/Users/k0g05jq/.m2/repository/com/fasterxml/jackson/core/jackson-databind/2.15.2/jackson-databind-2.15.2.jar:/Users/k0g05jq/.m2/repository/com/fasterxml/jackson/core/jackson-annotations/2.15.2/jackson-annotations-2.15.2.jar:/Users/k0g05jq/.m2/repository/com/fasterxml/jackson/core/jackson-core/2.15.2/jackson-core-2.15.2.jar:/Users/k0g05jq/.m2/repository/com/fasterxml/jackson/datatype/jackson-datatype-jsr310/2.15.2/jackson-datatype-jsr310-2.15.2.jar:/Users/k0g05jq/.m2/repository/io/micrometer/micrometer-observation/1.11.4/micrometer-observation-1.11.4.jar:/Users/k0g05jq/.m2/repository/io/micrometer/micrometer-commons/1.11.4/micrometer-commons-1.11.4.jar:/Users/k0g05jq/.m2/repository/io/micrometer/micrometer-core/1.11.4/micrometer-core-1.11.4.jar:/Users/k0g05jq/.m2/repository/org/hdrhistogram/HdrHistogram/2.1.12/HdrHistogram-2.1.12.jar:/Users/k0g05jq/.m2/repository/org/latencyutils/LatencyUtils/2.0.3/LatencyUtils-2.0.3.jar:/Users/k0g05jq/.m2/repository/org/springframework/boot/spring-boot-starter-data-mongodb/3.1.4/spring-boot-starter-data-mongodb-3.1.4.jar:/Users/k0g05jq/.m2/repository/org/mongodb/mongodb-driver-sync/4.9.1/mongodb-driver-sync-4.9.1.jar:/Users/k0g05jq/.m2/repository/org/mongodb/bson/4.9.1/bson-4.9.1.jar:/Users/k0g05jq/.m2/repository/org/mongodb/mongodb-driver-core/4.9.1/mongodb-driver-core-4.9.1.jar:/Users/k0g05jq/.m2/repository/org/mongodb/bson-record-codec/4.9.1/bson-record-codec-4.9.1.jar:/Users/k0g05jq/.m2/repository/org/springframework/data/spring-data-mongodb/4.1.4/spring-data-mongodb-4.1.4.jar:/Users/k0g05jq/.m2/repository/org/springframework/spring-tx/6.0.12/spring-tx-6.0.12.jar:/Users/k0g05jq/.m2/repository/org/springframework/spring-context/6.0.12/spring-context-6.0.12.jar:/Users/k0g05jq/.m2/repository/org/springframework/spring-beans/6.0.12/spring-beans-6.0.12.jar:/Users/k0g05jq/.m2/repository/org/springframework/spring-expression/6.0.12/spring-expression-6.0.12.jar:/Users/k0g05jq/.m2/repository/org/springframework/data/spring-data-commons/3.1.4/spring-data-commons-3.1.4.jar:/Users/k0g05jq/.m2/repository/org/springframework/boot/spring-boot-starter-web/3.1.4/spring-boot-starter-web-3.1.4.jar:/Users/k0g05jq/.m2/repository/org/springframework/boot/spring-boot-starter-json/3.1.4/spring-boot-starter-json-3.1.4.jar:/Users/k0g05jq/.m2/repository/com/fasterxml/jackson/datatype/jackson-datatype-jdk8/2.15.2/jackson-datatype-jdk8-2.15.2.jar:/Users/k0g05jq/.m2/repository/com/fasterxml/jackson/module/jackson-module-parameter-names/2.15.2/jackson-module-parameter-names-2.15.2.jar:/Users/k0g05jq/.m2/repository/org/springframework/spring-web/6.0.12/spring-web-6.0.12.jar:/Users/k0g05jq/.m2/repository/org/springframework/spring-webmvc/6.0.12/spring-webmvc-6.0.12.jar:/Users/k0g05jq/.m2/repository/org/springframework/spring-aop/6.0.12/spring-aop-6.0.12.jar:/Users/k0g05jq/.m2/repository/org/springframework/boot/spring-boot-starter-undertow/3.1.4/spring-boot-starter-undertow-3.1.4.jar:/Users/k0g05jq/.m2/repository/io/undertow/undertow-core/2.3.8.Final/undertow-core-2.3.8.Final.jar:/Users/k0g05jq/.m2/repository/org/jboss/logging/jboss-logging/3.5.3.Final/jboss-logging-3.5.3.Final.jar:/Users/k0g05jq/.m2/repository/org/jboss/xnio/xnio-api/3.8.8.Final/xnio-api-3.8.8.Final.jar:/Users/k0g05jq/.m2/repository/org/wildfly/common/wildfly-common/1.5.4.Final/wildfly-common-1.5.4.Final.jar:/Users/k0g05jq/.m2/repository/org/wildfly/client/wildfly-client-config/1.0.1.Final/wildfly-client-config-1.0.1.Final.jar:/Users/k0g05jq/.m2/repository/org/jboss/xnio/xnio-nio/3.8.8.Final/xnio-nio-3.8.8.Final.jar:/Users/k0g05jq/.m2/repository/org/jboss/threads/jboss-threads/3.5.0.Final/jboss-threads-3.5.0.Final.jar:/Users/k0g05jq/.m2/repository/io/undertow/undertow-servlet/2.3.8.Final/undertow-servlet-2.3.8.Final.jar:/Users/k0g05jq/.m2/repository/jakarta/servlet/jakarta.servlet-api/6.0.0/jakarta.servlet-api-6.0.0.jar:/Users/k0g05jq/.m2/repository/io/undertow/undertow-websockets-jsr/2.3.8.Final/undertow-websockets-jsr-2.3.8.Final.jar:/Users/k0g05jq/.m2/repository/jakarta/websocket/jakarta.websocket-api/2.1.1/jakarta.websocket-api-2.1.1.jar:/Users/k0g05jq/.m2/repository/jakarta/websocket/jakarta.websocket-client-api/2.1.1/jakarta.websocket-client-api-2.1.1.jar:/Users/k0g05jq/.m2/repository/org/apache/tomcat/embed/tomcat-embed-el/10.1.13/tomcat-embed-el-10.1.13.jar:/Users/k0g05jq/.m2/repository/org/springframework/boot/spring-boot-devtools/3.1.4/spring-boot-devtools-3.1.4.jar:/Users/k0g05jq/.m2/repository/org/springframework/boot/spring-boot/3.1.4/spring-boot-3.1.4.jar:/Users/k0g05jq/.m2/repository/org/springframework/boot/spring-boot-autoconfigure/3.1.4/spring-boot-autoconfigure-3.1.4.jar:/Users/k0g05jq/.m2/repository/org/projectlombok/lombok/1.18.22/lombok-1.18.22.jar:/Users/k0g05jq/.m2/repository/org/apache/commons/commons-lang3/3.12.0/commons-lang3-3.12.0.jar:/Users/k0g05jq/.m2/repository/de/flapdoodle/embed/de.flapdoodle.embed.mongo/3.4.3/de.flapdoodle.embed.mongo-3.4.3.jar:/Users/k0g05jq/.m2/repository/de/flapdoodle/embed/de.flapdoodle.embed.process/3.1.7/de.flapdoodle.embed.process-3.1.7.jar:/Users/k0g05jq/.m2/repository/de/flapdoodle/de.flapdoodle.os/1.1.5/de.flapdoodle.os-1.1.5.jar:/Users/k0g05jq/.m2/repository/org/apache/commons/commons-compress/1.21/commons-compress-1.21.jar:/Users/k0g05jq/.m2/repository/net/java/dev/jna/jna/5.10.0/jna-5.10.0.jar:/Users/k0g05jq/.m2/repository/net/java/dev/jna/jna-platform/5.10.0/jna-platform-5.10.0.jar:/Users/k0g05jq/.m2/repository/de/flapdoodle/embed/de.flapdoodle.embed.mongo.packageresolver/1.0.1/de.flapdoodle.embed.mongo.packageresolver-1.0.1.jar:/Users/k0g05jq/.m2/repository/cz/jirutka/spring/embedmongo-spring/1.3.1/embedmongo-spring-1.3.1.jar:/Users/k0g05jq/.m2/repository/org/mongodb/mongo-java-driver/2.13.0/mongo-java-driver-2.13.0.jar:/Users/k0g05jq/.m2/repository/org/slf4j/slf4j-api/2.0.9/slf4j-api-2.0.9.jar:/Users/k0g05jq/.m2/repository/org/springframework/boot/spring-boot-starter-test/3.1.4/spring-boot-starter-test-3.1.4.jar:/Users/k0g05jq/.m2/repository/org/springframework/boot/spring-boot-test/3.1.4/spring-boot-test-3.1.4.jar:/Users/k0g05jq/.m2/repository/org/springframework/boot/spring-boot-test-autoconfigure/3.1.4/spring-boot-test-autoconfigure-3.1.4.jar:/Users/k0g05jq/.m2/repository/com/jayway/jsonpath/json-path/2.8.0/json-path-2.8.0.jar:/Users/k0g05jq/.m2/repository/jakarta/xml/bind/jakarta.xml.bind-api/4.0.1/jakarta.xml.bind-api-4.0.1.jar:/Users/k0g05jq/.m2/repository/jakarta/activation/jakarta.activation-api/2.1.2/jakarta.activation-api-2.1.2.jar:/Users/k0g05jq/.m2/repository/net/minidev/json-smart/2.4.11/json-smart-2.4.11.jar:/Users/k0g05jq/.m2/repository/net/minidev/accessors-smart/2.4.11/accessors-smart-2.4.11.jar:/Users/k0g05jq/.m2/repository/org/ow2/asm/asm/9.3/asm-9.3.jar:/Users/k0g05jq/.m2/repository/org/assertj/assertj-core/3.24.2/assertj-core-3.24.2.jar:/Users/k0g05jq/.m2/repository/net/bytebuddy/byte-buddy/1.14.8/byte-buddy-1.14.8.jar:/Users/k0g05jq/.m2/repository/org/hamcrest/hamcrest/2.2/hamcrest-2.2.jar:/Users/k0g05jq/.m2/repository/org/junit/jupiter/junit-jupiter/5.9.3/junit-jupiter-5.9.3.jar:/Users/k0g05jq/.m2/repository/org/junit/jupiter/junit-jupiter-api/5.9.3/junit-jupiter-api-5.9.3.jar:/Users/k0g05jq/.m2/repository/org/opentest4j/opentest4j/1.2.0/opentest4j-1.2.0.jar:/Users/k0g05jq/.m2/repository/org/junit/platform/junit-platform-commons/1.9.3/junit-platform-commons-1.9.3.jar:/Users/k0g05jq/.m2/repository/org/apiguardian/apiguardian-api/1.1.2/apiguardian-api-1.1.2.jar:/Users/k0g05jq/.m2/repository/org/junit/jupiter/junit-jupiter-params/5.9.3/junit-jupiter-params-5.9.3.jar:/Users/k0g05jq/.m2/repository/org/junit/jupiter/junit-jupiter-engine/5.9.3/junit-jupiter-engine-5.9.3.jar:/Users/k0g05jq/.m2/repository/org/junit/platform/junit-platform-engine/1.9.3/junit-platform-engine-1.9.3.jar:/Users/k0g05jq/.m2/repository/org/mockito/mockito-core/5.3.1/mockito-core-5.3.1.jar:/Users/k0g05jq/.m2/repository/net/bytebuddy/byte-buddy-agent/1.14.8/byte-buddy-agent-1.14.8.jar:/Users/k0g05jq/.m2/repository/org/objenesis/objenesis/3.3/objenesis-3.3.jar:/Users/k0g05jq/.m2/repository/org/mockito/mockito-junit-jupiter/5.3.1/mockito-junit-jupiter-5.3.1.jar:/Users/k0g05jq/.m2/repository/org/skyscreamer/jsonassert/1.5.1/jsonassert-1.5.1.jar:/Users/k0g05jq/.m2/repository/com/vaadin/external/google/android-json/0.0.20131108.vaadin1/android-json-0.0.20131108.vaadin1.jar:/Users/k0g05jq/.m2/repository/org/springframework/spring-core/6.0.12/spring-core-6.0.12.jar:/Users/k0g05jq/.m2/repository/org/springframework/spring-jcl/6.0.12/spring-jcl-6.0.12.jar:/Users/k0g05jq/.m2/repository/org/springframework/spring-test/6.0.12/spring-test-6.0.12.jar:/Users/k0g05jq/.m2/repository/org/xmlunit/xmlunit-core/2.9.1/xmlunit-core-2.9.1.jar:"/>
    <property name="java.vm.vendor" value="Oracle Corporation"/>
    <property name="sun.arch.data.model" value="64"/>
    <property name="java.vendor.url" value="https://java.oracle.com/"/>
    <property name="user.timezone" value="Asia/Kolkata"/>
    <property name="org.jboss.logging.provider" value="slf4j"/>
    <property name="os.name" value="Mac OS X"/>
    <property name="java.vm.specification.version" value="17"/>
    <property name="sun.java.launcher" value="SUN_STANDARD"/>
    <property name="user.country" value="IN"/>
    <property name="sun.boot.library.path" value="/Library/Java/JavaVirtualMachines/jdk-17.jdk/Contents/Home/lib"/>
    <property name="sun.java.command" value="/Users/k0g05jq/Documents/Team4_CartApplication_backend/target/surefire/surefirebooter-20231117172106183_3.jar /Users/k0g05jq/Documents/Team4_CartApplication_backend/target/surefire 2023-11-17T17-21-06_027-jvmRun1 surefire-20231117172106183_1tmp surefire_0-20231117172106183_2tmp"/>
    <property name="jdk.debug" value="release"/>
    <property name="surefire.test.class.path" value="/Users/k0g05jq/Documents/Team4_CartApplication_backend/target/test-classes:/Users/k0g05jq/Documents/Team4_CartApplication_backend/target/classes:/Users/k0g05jq/.m2/repository/org/springframework/boot/spring-boot-starter-actuator/3.1.4/spring-boot-starter-actuator-3.1.4.jar:/Users/k0g05jq/.m2/repository/org/springframework/boot/spring-boot-starter/3.1.4/spring-boot-starter-3.1.4.jar:/Users/k0g05jq/.m2/repository/org/springframework/boot/spring-boot-starter-logging/3.1.4/spring-boot-starter-logging-3.1.4.jar:/Users/k0g05jq/.m2/repository/ch/qos/logback/logback-classic/1.4.11/logback-classic-1.4.11.jar:/Users/k0g05jq/.m2/repository/ch/qos/logback/logback-core/1.4.11/logback-core-1.4.11.jar:/Users/k0g05jq/.m2/repository/org/apache/logging/log4j/log4j-to-slf4j/2.20.0/log4j-to-slf4j-2.20.0.jar:/Users/k0g05jq/.m2/repository/org/apache/logging/log4j/log4j-api/2.20.0/log4j-api-2.20.0.jar:/Users/k0g05jq/.m2/repository/org/slf4j/jul-to-slf4j/2.0.9/jul-to-slf4j-2.0.9.jar:/Users/k0g05jq/.m2/repository/jakarta/annotation/jakarta.annotation-api/2.1.1/jakarta.annotation-api-2.1.1.jar:/Users/k0g05jq/.m2/repository/org/yaml/snakeyaml/1.33/snakeyaml-1.33.jar:/Users/k0g05jq/.m2/repository/org/springframework/boot/spring-boot-actuator-autoconfigure/3.1.4/spring-boot-actuator-autoconfigure-3.1.4.jar:/Users/k0g05jq/.m2/repository/org/springframework/boot/spring-boot-actuator/3.1.4/spring-boot-actuator-3.1.4.jar:/Users/k0g05jq/.m2/repository/com/fasterxml/jackson/core/jackson-databind/2.15.2/jackson-databind-2.15.2.jar:/Users/k0g05jq/.m2/repository/com/fasterxml/jackson/core/jackson-annotations/2.15.2/jackson-annotations-2.15.2.jar:/Users/k0g05jq/.m2/repository/com/fasterxml/jackson/core/jackson-core/2.15.2/jackson-core-2.15.2.jar:/Users/k0g05jq/.m2/repository/com/fasterxml/jackson/datatype/jackson-datatype-jsr310/2.15.2/jackson-datatype-jsr310-2.15.2.jar:/Users/k0g05jq/.m2/repository/io/micrometer/micrometer-observation/1.11.4/micrometer-observation-1.11.4.jar:/Users/k0g05jq/.m2/repository/io/micrometer/micrometer-commons/1.11.4/micrometer-commons-1.11.4.jar:/Users/k0g05jq/.m2/repository/io/micrometer/micrometer-core/1.11.4/micrometer-core-1.11.4.jar:/Users/k0g05jq/.m2/repository/org/hdrhistogram/HdrHistogram/2.1.12/HdrHistogram-2.1.12.jar:/Users/k0g05jq/.m2/repository/org/latencyutils/LatencyUtils/2.0.3/LatencyUtils-2.0.3.jar:/Users/k0g05jq/.m2/repository/org/springframework/boot/spring-boot-starter-data-mongodb/3.1.4/spring-boot-starter-data-mongodb-3.1.4.jar:/Users/k0g05jq/.m2/repository/org/mongodb/mongodb-driver-sync/4.9.1/mongodb-driver-sync-4.9.1.jar:/Users/k0g05jq/.m2/repository/org/mongodb/bson/4.9.1/bson-4.9.1.jar:/Users/k0g05jq/.m2/repository/org/mongodb/mongodb-driver-core/4.9.1/mongodb-driver-core-4.9.1.jar:/Users/k0g05jq/.m2/repository/org/mongodb/bson-record-codec/4.9.1/bson-record-codec-4.9.1.jar:/Users/k0g05jq/.m2/repository/org/springframework/data/spring-data-mongodb/4.1.4/spring-data-mongodb-4.1.4.jar:/Users/k0g05jq/.m2/repository/org/springframework/spring-tx/6.0.12/spring-tx-6.0.12.jar:/Users/k0g05jq/.m2/repository/org/springframework/spring-context/6.0.12/spring-context-6.0.12.jar:/Users/k0g05jq/.m2/repository/org/springframework/spring-beans/6.0.12/spring-beans-6.0.12.jar:/Users/k0g05jq/.m2/repository/org/springframework/spring-expression/6.0.12/spring-expression-6.0.12.jar:/Users/k0g05jq/.m2/repository/org/springframework/data/spring-data-commons/3.1.4/spring-data-commons-3.1.4.jar:/Users/k0g05jq/.m2/repository/org/springframework/boot/spring-boot-starter-web/3.1.4/spring-boot-starter-web-3.1.4.jar:/Users/k0g05jq/.m2/repository/org/springframework/boot/spring-boot-starter-json/3.1.4/spring-boot-starter-json-3.1.4.jar:/Users/k0g05jq/.m2/repository/com/fasterxml/jackson/datatype/jackson-datatype-jdk8/2.15.2/jackson-datatype-jdk8-2.15.2.jar:/Users/k0g05jq/.m2/repository/com/fasterxml/jackson/module/jackson-module-parameter-names/2.15.2/jackson-module-parameter-names-2.15.2.jar:/Users/k0g05jq/.m2/repository/org/springframework/spring-web/6.0.12/spring-web-6.0.12.jar:/Users/k0g05jq/.m2/repository/org/springframework/spring-webmvc/6.0.12/spring-webmvc-6.0.12.jar:/Users/k0g05jq/.m2/repository/org/springframework/spring-aop/6.0.12/spring-aop-6.0.12.jar:/Users/k0g05jq/.m2/repository/org/springframework/boot/spring-boot-starter-undertow/3.1.4/spring-boot-starter-undertow-3.1.4.jar:/Users/k0g05jq/.m2/repository/io/undertow/undertow-core/2.3.8.Final/undertow-core-2.3.8.Final.jar:/Users/k0g05jq/.m2/repository/org/jboss/logging/jboss-logging/3.5.3.Final/jboss-logging-3.5.3.Final.jar:/Users/k0g05jq/.m2/repository/org/jboss/xnio/xnio-api/3.8.8.Final/xnio-api-3.8.8.Final.jar:/Users/k0g05jq/.m2/repository/org/wildfly/common/wildfly-common/1.5.4.Final/wildfly-common-1.5.4.Final.jar:/Users/k0g05jq/.m2/repository/org/wildfly/client/wildfly-client-config/1.0.1.Final/wildfly-client-config-1.0.1.Final.jar:/Users/k0g05jq/.m2/repository/org/jboss/xnio/xnio-nio/3.8.8.Final/xnio-nio-3.8.8.Final.jar:/Users/k0g05jq/.m2/repository/org/jboss/threads/jboss-threads/3.5.0.Final/jboss-threads-3.5.0.Final.jar:/Users/k0g05jq/.m2/repository/io/undertow/undertow-servlet/2.3.8.Final/undertow-servlet-2.3.8.Final.jar:/Users/k0g05jq/.m2/repository/jakarta/servlet/jakarta.servlet-api/6.0.0/jakarta.servlet-api-6.0.0.jar:/Users/k0g05jq/.m2/repository/io/undertow/undertow-websockets-jsr/2.3.8.Final/undertow-websockets-jsr-2.3.8.Final.jar:/Users/k0g05jq/.m2/repository/jakarta/websocket/jakarta.websocket-api/2.1.1/jakarta.websocket-api-2.1.1.jar:/Users/k0g05jq/.m2/repository/jakarta/websocket/jakarta.websocket-client-api/2.1.1/jakarta.websocket-client-api-2.1.1.jar:/Users/k0g05jq/.m2/repository/org/apache/tomcat/embed/tomcat-embed-el/10.1.13/tomcat-embed-el-10.1.13.jar:/Users/k0g05jq/.m2/repository/org/springframework/boot/spring-boot-devtools/3.1.4/spring-boot-devtools-3.1.4.jar:/Users/k0g05jq/.m2/repository/org/springframework/boot/spring-boot/3.1.4/spring-boot-3.1.4.jar:/Users/k0g05jq/.m2/repository/org/springframework/boot/spring-boot-autoconfigure/3.1.4/spring-boot-autoconfigure-3.1.4.jar:/Users/k0g05jq/.m2/repository/org/projectlombok/lombok/1.18.22/lombok-1.18.22.jar:/Users/k0g05jq/.m2/repository/org/apache/commons/commons-lang3/3.12.0/commons-lang3-3.12.0.jar:/Users/k0g05jq/.m2/repository/de/flapdoodle/embed/de.flapdoodle.embed.mongo/3.4.3/de.flapdoodle.embed.mongo-3.4.3.jar:/Users/k0g05jq/.m2/repository/de/flapdoodle/embed/de.flapdoodle.embed.process/3.1.7/de.flapdoodle.embed.process-3.1.7.jar:/Users/k0g05jq/.m2/repository/de/flapdoodle/de.flapdoodle.os/1.1.5/de.flapdoodle.os-1.1.5.jar:/Users/k0g05jq/.m2/repository/org/apache/commons/commons-compress/1.21/commons-compress-1.21.jar:/Users/k0g05jq/.m2/repository/net/java/dev/jna/jna/5.10.0/jna-5.10.0.jar:/Users/k0g05jq/.m2/repository/net/java/dev/jna/jna-platform/5.10.0/jna-platform-5.10.0.jar:/Users/k0g05jq/.m2/repository/de/flapdoodle/embed/de.flapdoodle.embed.mongo.packageresolver/1.0.1/de.flapdoodle.embed.mongo.packageresolver-1.0.1.jar:/Users/k0g05jq/.m2/repository/cz/jirutka/spring/embedmongo-spring/1.3.1/embedmongo-spring-1.3.1.jar:/Users/k0g05jq/.m2/repository/org/mongodb/mongo-java-driver/2.13.0/mongo-java-driver-2.13.0.jar:/Users/k0g05jq/.m2/repository/org/slf4j/slf4j-api/2.0.9/slf4j-api-2.0.9.jar:/Users/k0g05jq/.m2/repository/org/springframework/boot/spring-boot-starter-test/3.1.4/spring-boot-starter-test-3.1.4.jar:/Users/k0g05jq/.m2/repository/org/springframework/boot/spring-boot-test/3.1.4/spring-boot-test-3.1.4.jar:/Users/k0g05jq/.m2/repository/org/springframework/boot/spring-boot-test-autoconfigure/3.1.4/spring-boot-test-autoconfigure-3.1.4.jar:/Users/k0g05jq/.m2/repository/com/jayway/jsonpath/json-path/2.8.0/json-path-2.8.0.jar:/Users/k0g05jq/.m2/repository/jakarta/xml/bind/jakarta.xml.bind-api/4.0.1/jakarta.xml.bind-api-4.0.1.jar:/Users/k0g05jq/.m2/repository/jakarta/activation/jakarta.activation-api/2.1.2/jakarta.activation-api-2.1.2.jar:/Users/k0g05jq/.m2/repository/net/minidev/json-smart/2.4.11/json-smart-2.4.11.jar:/Users/k0g05jq/.m2/repository/net/minidev/accessors-smart/2.4.11/accessors-smart-2.4.11.jar:/Users/k0g05jq/.m2/repository/org/ow2/asm/asm/9.3/asm-9.3.jar:/Users/k0g05jq/.m2/repository/org/assertj/assertj-core/3.24.2/assertj-core-3.24.2.jar:/Users/k0g05jq/.m2/repository/net/bytebuddy/byte-buddy/1.14.8/byte-buddy-1.14.8.jar:/Users/k0g05jq/.m2/repository/org/hamcrest/hamcrest/2.2/hamcrest-2.2.jar:/Users/k0g05jq/.m2/repository/org/junit/jupiter/junit-jupiter/5.9.3/junit-jupiter-5.9.3.jar:/Users/k0g05jq/.m2/repository/org/junit/jupiter/junit-jupiter-api/5.9.3/junit-jupiter-api-5.9.3.jar:/Users/k0g05jq/.m2/repository/org/opentest4j/opentest4j/1.2.0/opentest4j-1.2.0.jar:/Users/k0g05jq/.m2/repository/org/junit/platform/junit-platform-commons/1.9.3/junit-platform-commons-1.9.3.jar:/Users/k0g05jq/.m2/repository/org/apiguardian/apiguardian-api/1.1.2/apiguardian-api-1.1.2.jar:/Users/k0g05jq/.m2/repository/org/junit/jupiter/junit-jupiter-params/5.9.3/junit-jupiter-params-5.9.3.jar:/Users/k0g05jq/.m2/repository/org/junit/jupiter/junit-jupiter-engine/5.9.3/junit-jupiter-engine-5.9.3.jar:/Users/k0g05jq/.m2/repository/org/junit/platform/junit-platform-engine/1.9.3/junit-platform-engine-1.9.3.jar:/Users/k0g05jq/.m2/repository/org/mockito/mockito-core/5.3.1/mockito-core-5.3.1.jar:/Users/k0g05jq/.m2/repository/net/bytebuddy/byte-buddy-agent/1.14.8/byte-buddy-agent-1.14.8.jar:/Users/k0g05jq/.m2/repository/org/objenesis/objenesis/3.3/objenesis-3.3.jar:/Users/k0g05jq/.m2/repository/org/mockito/mockito-junit-jupiter/5.3.1/mockito-junit-jupiter-5.3.1.jar:/Users/k0g05jq/.m2/repository/org/skyscreamer/jsonassert/1.5.1/jsonassert-1.5.1.jar:/Users/k0g05jq/.m2/repository/com/vaadin/external/google/android-json/0.0.20131108.vaadin1/android-json-0.0.20131108.vaadin1.jar:/Users/k0g05jq/.m2/repository/org/springframework/spring-core/6.0.12/spring-core-6.0.12.jar:/Users/k0g05jq/.m2/repository/org/springframework/spring-jcl/6.0.12/spring-jcl-6.0.12.jar:/Users/k0g05jq/.m2/repository/org/springframework/spring-test/6.0.12/spring-test-6.0.12.jar:/Users/k0g05jq/.m2/repository/org/xmlunit/xmlunit-core/2.9.1/xmlunit-core-2.9.1.jar:"/>
    <property name="sun.cpu.endian" value="little"/>
    <property name="user.home" value="/Users/k0g05jq"/>
    <property name="user.language" value="en"/>
    <property name="java.specification.vendor" value="Oracle Corporation"/>
    <property name="java.version.date" value="2023-07-18"/>
    <property name="java.home" value="/Library/Java/JavaVirtualMachines/jdk-17.jdk/Contents/Home"/>
    <property name="file.separator" value="/"/>
    <property name="style.color" value="always"/>
    <property name="basedir" value="/Users/k0g05jq/Documents/Team4_CartApplication_backend"/>
    <property name="java.vm.compressedOopsMode" value="Zero based"/>
    <property name="line.separator" value="&#10;"/>
    <property name="java.specification.name" value="Java Platform API Specification"/>
    <property name="java.vm.specification.vendor" value="Oracle Corporation"/>
    <property name="FILE_LOG_CHARSET" value="UTF-8"/>
    <property name="java.awt.headless" value="true"/>
    <property name="surefire.real.class.path" value="/Users/k0g05jq/Documents/Team4_CartApplication_backend/target/surefire/surefirebooter-20231117172106183_3.jar"/>
    <property name="sun.management.compiler" value="HotSpot 64-Bit Tiered Compilers"/>
    <property name="java.runtime.version" value="17.0.8+9-LTS-211"/>
    <property name="user.name" value="k0g05jq"/>
    <property name="path.separator" value=":"/>
    <property name="os.version" value="13.6"/>
    <property name="java.runtime.name" value="Java(TM) SE Runtime Environment"/>
    <property name="file.encoding" value="UTF-8"/>
    <property name="java.vm.name" value="Java HotSpot(TM) 64-Bit Server VM"/>
    <property name="localRepository" value="/Users/k0g05jq/.m2/repository"/>
    <property name="java.vendor.url.bug" value="https://bugreport.java.com/bugreport/"/>
    <property name="java.io.tmpdir" value="/var/folders/hb/bm7ltrnx0pz8rmgxq5gjscn80000gq/T/"/>
    <property name="java.version" value="17.0.8"/>
    <property name="user.dir" value="/Users/k0g05jq/Documents/Team4_CartApplication_backend"/>
    <property name="os.arch" value="x86_64"/>
    <property name="java.vm.specification.name" value="Java Virtual Machine Specification"/>
    <property name="PID" value="10247"/>
    <property name="CONSOLE_LOG_CHARSET" value="UTF-8"/>
    <property name="native.encoding" value="UTF-8"/>
    <property name="java.library.path" value="/Users/k0g05jq/Library/Java/Extensions:/Library/Java/Extensions:/Network/Library/Java/Extensions:/System/Library/Java/Extensions:/usr/lib/java:."/>
    <property name="java.vm.info" value="mixed mode, sharing"/>
    <property name="java.vendor" value="Oracle Corporation"/>
    <property name="java.vm.version" value="17.0.8+9-LTS-211"/>
    <property name="sun.io.unicode.encoding" value="UnicodeBig"/>
    <property name="java.class.version" value="61.0"/>
  </properties>
  <testcase name="contextLoads" classname="com.capstone.cartApplication.CartApplicationTests" time="1.204">
    <system-out><![CDATA[17:21:07.275 [main] INFO org.springframework.test.context.support.AnnotationConfigContextLoaderUtils -- Could not detect default configuration classes for test class [com.capstone.cartApplication.CartApplicationTests]: CartApplicationTests does not declare any static, non-private, non-final, nested classes annotated with @Configuration.
17:21:07.425 [main] INFO org.springframework.boot.test.context.SpringBootTestContextBootstrapper -- Found @SpringBootConfiguration com.capstone.cartApplication.CartApplication for test class com.capstone.cartApplication.CartApplicationTests

  .   ____          _            __ _ _
 /\\ / ___'_ __ _ _(_)_ __  __ _ \ \ \ \
( ( )\___ | '_ | '_| | '_ \/ _` | \ \ \ \
 \\/  ___)| |_)| | | | | || (_| |  ) ) ) )
  '  |____| .__|_| |_|_| |_\__, | / / / /
 =========|_|==============|___/=/_/_/_/
 :: Spring Boot ::                (v3.1.4)

2023-11-17T17:21:07.929+05:30  INFO 10247 --- [           main] c.c.c.CartApplicationTests               : Starting CartApplicationTests using Java 17.0.8 with PID 10247 (started by k0g05jq in /Users/k0g05jq/Documents/Team4_CartApplication_backend)
2023-11-17T17:21:07.930+05:30  INFO 10247 --- [           main] c.c.c.CartApplicationTests               : No active profile set, falling back to 1 default profile: "default"
2023-11-17T17:21:08.748+05:30  INFO 10247 --- [           main] .s.d.r.c.RepositoryConfigurationDelegate : Bootstrapping Spring Data MongoDB repositories in DEFAULT mode.
2023-11-17T17:21:08.759+05:30  INFO 10247 --- [           main] .s.d.r.c.RepositoryConfigurationDelegate : Finished Spring Data repository scanning in 5 ms. Found 0 MongoDB repository interfaces.
2023-11-17T17:21:08.763+05:30  INFO 10247 --- [           main] .s.d.r.c.RepositoryConfigurationDelegate : Bootstrapping Spring Data MongoDB repositories in DEFAULT mode.
2023-11-17T17:21:08.815+05:30  INFO 10247 --- [           main] .s.d.r.c.RepositoryConfigurationDelegate : Finished Spring Data repository scanning in 51 ms. Found 2 MongoDB repository interfaces.
2023-11-17T17:21:09.751+05:30  INFO 10247 --- [o2v.mongodb.net] org.mongodb.driver.cluster               : Adding discovered server ac-jg11q0x-shard-00-01.rvqwo2v.mongodb.net:27017 to client view of cluster
2023-11-17T17:21:09.760+05:30  INFO 10247 --- [           main] org.mongodb.driver.client                : MongoClient with metadata {"driver": {"name": "mongo-java-driver|sync", "version": "4.9.1"}, "os": {"type": "Darwin", "name": "Mac OS X", "architecture": "x86_64", "version": "13.6"}, "platform": "Java/Oracle Corporation/17.0.8+9-LTS-211", "application": {"name": "AtlasApp"}} created with settings MongoClientSettings{readPreference=primary, writeConcern=WriteConcern{w=majority, wTimeout=null ms, journal=null}, retryWrites=true, retryReads=true, readConcern=ReadConcern{level=null}, credential=MongoCredential{mechanism=null, userName='admin', source='admin', password=<hidden>, mechanismProperties=<hidden>}, streamFactoryFactory=null, commandListeners=[], codecRegistry=ProvidersCodecRegistry{codecProviders=[ValueCodecProvider{}, BsonValueCodecProvider{}, DBRefCodecProvider{}, DBObjectCodecProvider{}, DocumentCodecProvider{}, CollectionCodecProvider{}, IterableCodecProvider{}, MapCodecProvider{}, GeoJsonCodecProvider{}, GridFSFileCodecProvider{}, Jsr310CodecProvider{}, JsonObjectCodecProvider{}, BsonCodecProvider{}, EnumCodecProvider{}, com.mongodb.client.model.mql.ExpressionCodecProvider@9dada78, com.mongodb.Jep395RecordCodecProvider@4207852d]}, loggerSettings=LoggerSettings{maxDocumentLength=1000}, clusterSettings={hosts=[127.0.0.1:27017], srvHost=shoppingcart.rvqwo2v.mongodb.net, srvServiceName=mongodb, mode=MULTIPLE, requiredClusterType=REPLICA_SET, requiredReplicaSetName='atlas-3i88ly-shard-0', serverSelector='null', clusterListeners='[]', serverSelectionTimeout='30000 ms', localThreshold='30000 ms'}, socketSettings=SocketSettings{connectTimeoutMS=10000, readTimeoutMS=0, receiveBufferSize=0, sendBufferSize=0}, heartbeatSocketSettings=SocketSettings{connectTimeoutMS=10000, readTimeoutMS=10000, receiveBufferSize=0, sendBufferSize=0}, connectionPoolSettings=ConnectionPoolSettings{maxSize=100, minSize=0, maxWaitTimeMS=120000, maxConnectionLifeTimeMS=0, maxConnectionIdleTimeMS=0, maintenanceInitialDelayMS=0, maintenanceFrequencyMS=60000, connectionPoolListeners=[], maxConnecting=2}, serverSettings=ServerSettings{heartbeatFrequencyMS=10000, minHeartbeatFrequencyMS=500, serverListeners='[]', serverMonitorListeners='[]'}, sslSettings=SslSettings{enabled=true, invalidHostNameAllowed=false, context=null}, applicationName='AtlasApp', compressorList=[], uuidRepresentation=UNSPECIFIED, serverApi=null, autoEncryptionSettings=null, contextProvider=null}
2023-11-17T17:21:09.778+05:30  INFO 10247 --- [o2v.mongodb.net] org.mongodb.driver.cluster               : Adding discovered server ac-jg11q0x-shard-00-02.rvqwo2v.mongodb.net:27017 to client view of cluster
2023-11-17T17:21:09.779+05:30  INFO 10247 --- [o2v.mongodb.net] org.mongodb.driver.cluster               : Adding discovered server ac-jg11q0x-shard-00-00.rvqwo2v.mongodb.net:27017 to client view of cluster
2023-11-17T17:21:10.505+05:30  INFO 10247 --- [ngodb.net:27017] org.mongodb.driver.cluster               : Monitor thread successfully connected to server with description ServerDescription{address=ac-jg11q0x-shard-00-01.rvqwo2v.mongodb.net:27017, type=REPLICA_SET_PRIMARY, state=CONNECTED, ok=true, minWireVersion=0, maxWireVersion=17, maxDocumentSize=16777216, logicalSessionTimeoutMinutes=30, roundTripTimeNanos=373966074, setName='atlas-3i88ly-shard-0', canonicalAddress=ac-jg11q0x-shard-00-01.rvqwo2v.mongodb.net:27017, hosts=[ac-jg11q0x-shard-00-00.rvqwo2v.mongodb.net:27017, ac-jg11q0x-shard-00-02.rvqwo2v.mongodb.net:27017, ac-jg11q0x-shard-00-01.rvqwo2v.mongodb.net:27017], passives=[], arbiters=[], primary='ac-jg11q0x-shard-00-01.rvqwo2v.mongodb.net:27017', tagSet=TagSet{[Tag{name='availabilityZone', value='2'}, Tag{name='nodeType', value='ELECTABLE'}, Tag{name='provider', value='AZURE'}, Tag{name='region', value='INDIA_CENTRAL'}, Tag{name='workloadType', value='OPERATIONAL'}]}, electionId=7fffffff0000000000000039, setVersion=2, topologyVersion=TopologyVersion{processId=6532e056fe4b94c1d6b25446, counter=9}, lastWriteDate=Fri Nov 17 17:21:10 IST 2023, lastUpdateTimeNanos=22866133340129}
2023-11-17T17:21:10.505+05:30  INFO 10247 --- [ngodb.net:27017] org.mongodb.driver.cluster               : Monitor thread successfully connected to server with description ServerDescription{address=ac-jg11q0x-shard-00-02.rvqwo2v.mongodb.net:27017, type=REPLICA_SET_SECONDARY, state=CONNECTED, ok=true, minWireVersion=0, maxWireVersion=17, maxDocumentSize=16777216, logicalSessionTimeoutMinutes=30, roundTripTimeNanos=374424499, setName='atlas-3i88ly-shard-0', canonicalAddress=ac-jg11q0x-shard-00-02.rvqwo2v.mongodb.net:27017, hosts=[ac-jg11q0x-shard-00-00.rvqwo2v.mongodb.net:27017, ac-jg11q0x-shard-00-02.rvqwo2v.mongodb.net:27017, ac-jg11q0x-shard-00-01.rvqwo2v.mongodb.net:27017], passives=[], arbiters=[], primary='ac-jg11q0x-shard-00-01.rvqwo2v.mongodb.net:27017', tagSet=TagSet{[Tag{name='availabilityZone', value='3'}, Tag{name='nodeType', value='ELECTABLE'}, Tag{name='provider', value='AZURE'}, Tag{name='region', value='INDIA_CENTRAL'}, Tag{name='workloadType', value='OPERATIONAL'}]}, electionId=null, setVersion=2, topologyVersion=TopologyVersion{processId=6532df78509ace27448a9c97, counter=14}, lastWriteDate=Fri Nov 17 17:21:10 IST 2023, lastUpdateTimeNanos=22866125791009}
2023-11-17T17:21:10.505+05:30  INFO 10247 --- [ngodb.net:27017] org.mongodb.driver.cluster               : Monitor thread successfully connected to server with description ServerDescription{address=ac-jg11q0x-shard-00-00.rvqwo2v.mongodb.net:27017, type=REPLICA_SET_SECONDARY, state=CONNECTED, ok=true, minWireVersion=0, maxWireVersion=17, maxDocumentSize=16777216, logicalSessionTimeoutMinutes=30, roundTripTimeNanos=374532231, setName='atlas-3i88ly-shard-0', canonicalAddress=ac-jg11q0x-shard-00-00.rvqwo2v.mongodb.net:27017, hosts=[ac-jg11q0x-shard-00-00.rvqwo2v.mongodb.net:27017, ac-jg11q0x-shard-00-02.rvqwo2v.mongodb.net:27017, ac-jg11q0x-shard-00-01.rvqwo2v.mongodb.net:27017], passives=[], arbiters=[], primary='ac-jg11q0x-shard-00-01.rvqwo2v.mongodb.net:27017', tagSet=TagSet{[Tag{name='availabilityZone', value='1'}, Tag{name='nodeType', value='ELECTABLE'}, Tag{name='provider', value='AZURE'}, Tag{name='region', value='INDIA_CENTRAL'}, Tag{name='workloadType', value='OPERATIONAL'}]}, electionId=null, setVersion=2, topologyVersion=TopologyVersion{processId=6532de530b7c2f251f164df6, counter=11}, lastWriteDate=Fri Nov 17 17:21:10 IST 2023, lastUpdateTimeNanos=22866133923614}
2023-11-17T17:21:10.512+05:30  INFO 10247 --- [ngodb.net:27017] org.mongodb.driver.cluster               : Discovered replica set primary ac-jg11q0x-shard-00-01.rvqwo2v.mongodb.net:27017 with max election id 7fffffff0000000000000039 and max set version 2
2023-11-17T17:21:11.407+05:30  INFO 10247 --- [           main] o.s.b.a.e.web.EndpointLinksResolver      : Exposing 1 endpoint(s) beneath base path '/actuator'
2023-11-17T17:21:11.486+05:30  INFO 10247 --- [           main] c.c.c.CartApplicationTests               : Started CartApplicationTests in 3.839 seconds (process running for 5.16)
]]></system-out>
  </testcase>
</testsuite>